#
# A fatal error has been detected by the Java Runtime Environment:
#
#  SIGSEGV (0xb) at pc=0x00000001202de58d, pid=37574, tid=2571
#
# JRE version: Java(TM) SE Runtime Environment (8.0_45-b14) (build 1.8.0_45-b14)
# Java VM: Java HotSpot(TM) 64-Bit Server VM (25.45-b02 mixed mode bsd-amd64 compressed oops)
# Problematic frame:
# C  [libglass.dylib+0x1558d]  GlassScreenDidChangeScreenParameters+0x9d
#
# Failed to write core dump. Core dumps have been disabled. To enable core dumping, try "ulimit -c unlimited" before starting Java again
#
# If you would like to submit a bug report, please visit:
#   http://bugreport.java.com/bugreport/crash.jsp
#

---------------  T H R E A D  ---------------

Current thread is native thread

siginfo: si_signo: 11 (SIGSEGV), si_code: 1 (SEGV_MAPERR), si_addr: 0x0000000000000000

Registers:
RAX=0x0000000120310bc0, RBX=0x0000000000000000, RCX=0x0000000000000103, RDX=0x00007fc002b9e518
RSP=0x00007fff56ef0210, RBP=0x00007fff56ef0220, RSI=0x00007fc000402ea8, RDI=0x0000000000000000
R8 =0x0000000000000040, R9 =0x00007fff7d97a1e0, R10=0xffffffffffffffff, R11=0x0000000000000246
R12=0x00007fc00045ed40, R13=0x00007fc0005679a0, R14=0x00007fc000567570, R15=0x0000000000000000
RIP=0x00000001202de58d, EFLAGS=0x0000000000010206, ERR=0x0000000000000004
  TRAPNO=0x000000000000000e

Top of Stack: (sp=0x00007fff56ef0210)
0x00007fff56ef0210:   00007fff56ef0268 00007fc000567570
0x00007fff56ef0220:   00007fff56ef0230 00007fff8bbbec9c
0x00007fff56ef0230:   00007fff56ef0250 00007fff8bbbec2f
0x00007fff56ef0240:   0000000000000000 0000000000000000
0x00007fff56ef0250:   00007fff56ef02c0 00007fff8bbbeba7
0x00007fff56ef0260:   00007fff7e4f2110 00007fff7e9c60a0
0x00007fff56ef0270:   0000000042000000 00007fff8bbbebf0
0x00007fff56ef0280:   00007fff7b0726f0 00007fc0005679a0
0x00007fff56ef0290:   00007fc00045ed40 00007fff56ef0a68
0x00007fff56ef02a0:   00007fff7b19f6d0 00007fff56ef0a68
0x00007fff56ef02b0:   00007fc0005679a0 00007fff8bf7da02
0x00007fff56ef02c0:   00007fff56ef0300 00007fff8bbbe912
0x00007fff56ef02d0:   00007fff56ef08e0 0000000000000000
0x00007fff56ef02e0:   00007fff7b19f6d0 00007fff56ef0a68
0x00007fff56ef02f0:   00007fff94f65d40 00007fff8bf7da02
0x00007fff56ef0300:   00007fff56ef0a10 00007fff8bb7b6d2
0x00007fff56ef0310:   00007fff56ef0360 00007fff8c5d2378
0x00007fff56ef0320:   00007fc0007be760 00007fc000522d30
0x00007fff56ef0330:   00007fc001005048 00007fc00055d5d0
0x00007fff56ef0340:   0000000000000000 00007fc000567cb0
0x00007fff56ef0350:   0000000000000000 0000000000000000
0x00007fff56ef0360:   00007fff7b0afb50 00007fff56ef08e0
0x00007fff56ef0370:   0000000000000001 0000000000000100
0x00007fff56ef0380:   0000000000000d00 00007fff56ef07e0
0x00007fff56ef0390:   0000000000000000 0000000000000100
0x00007fff56ef03a0:   00007fff56ef0400 00007fff7b19f6d0
0x00007fff56ef03b0:   0000000000000000 00007fff7b073490
0x00007fff56ef03c0:   00007fff7b19f6d0 0000000000000000
0x00007fff56ef03d0:   00007fff7b073490 00007fc00047e690
0x00007fff56ef03e0:   00007fc0007be700 0000000000000002
0x00007fff56ef03f0:   0000000000000000 00007fff94f65d40
0x00007fff56ef0400:   00007fff56ef05c0 00007fff9e9fb100 

Instructions: (pc=0x00000001202de58d)
0x00000001202de56d:   89 df 4c 89 f1 41 ff 90 68 04 00 00 48 8d 05 48
0x00000001202de57d:   25 03 00 48 8b 30 48 8d 05 36 26 03 00 48 8b 10
0x00000001202de58d:   48 8b 0b 30 c0 48 89 df ff 91 68 04 00 00 48 8b
0x00000001202de59d:   03 48 89 df ff 50 78 48 85 c0 74 36 49 89 c6 48 

Register to memory mapping:

RAX=0x0000000120310bc0: jScreenNotifySettingsChanged+0 in /Library/Java/JavaVirtualMachines/jdk1.8.0_45.jdk/Contents/Home/jre/lib/libglass.dylib at 0x00000001202c9000
RBX=0x0000000000000000 is an unknown value
RCX=0x0000000000000103 is an unknown value
RDX=0x00007fc002b9e518 is an unknown value
RSP=0x00007fff56ef0210 is an unknown value
RBP=0x00007fff56ef0220 is an unknown value
RSI=0x00007fc000402ea8 is a global jni handle
RDI=0x0000000000000000 is an unknown value
R8 =0x0000000000000040 is an unknown value
R9 =0x00007fff7d97a1e0: __sFX+0x1c0 in /usr/lib/system/libsystem_c.dylib at 0x00007fff9915d000
R10=0xffffffffffffffff is an unknown value
R11=0x0000000000000246 is an unknown value
R12=0x00007fc00045ed40 is an unknown value
R13=0x00007fc0005679a0 is an unknown value
R14=0x00007fc000567570 is an unknown value
R15=0x0000000000000000 is an unknown value


Stack: [0x00007fff566f4000,0x00007fff56ef4000],  sp=0x00007fff56ef0210,  free space=8176k
Native frames: (J=compiled Java code, j=interpreted, Vv=VM code, C=native code)
C  [libglass.dylib+0x1558d]  GlassScreenDidChangeScreenParameters+0x9d
C  [CoreFoundation+0xa0c9c]  __CFNOTIFICATIONCENTER_IS_CALLING_OUT_TO_AN_OBSERVER__+0xc
C  [CoreFoundation+0xa0c2f]  ___CFXRegistrationPost_block_invoke+0x3f
C  [CoreFoundation+0xa0ba7]  _CFXRegistrationPost+0x197
C  [CoreFoundation+0xa0912]  ___CFXNotificationPost_block_invoke+0x32
C  [CoreFoundation+0x5d6d2]  -[_CFXNotificationRegistrar find:object:observer:enumerator:]+0x782
C  [CoreFoundation+0x5c925]  _CFXNotificationPost+0x2b5
C  [Foundation+0x70fa]  -[NSNotificationCenter postNotificationName:object:userInfo:]+0x42
C  [AppKit+0x41da66]  -[NSApplication _reactToScreenInvalidationImmediately:]+0x17f
C  [AppKit+0x41d8b7]  __44-[NSApplication _reactToScreenInvalidation:]_block_invoke+0x3b
C  [CoreFoundation+0xaa4dc]  __CFRUNLOOP_IS_CALLING_OUT_TO_A_BLOCK__+0xc
C  [CoreFoundation+0x89df5]  __CFRunLoopDoBlocks+0x155
C  [CoreFoundation+0x89b5b]  __CFRunLoopRun+0x92b
C  [CoreFoundation+0x88fc8]  CFRunLoopRunSpecific+0x128
C  [java+0x6490]  CreateExecutionEnvironment+0x367
C  [java+0x221c]  JLI_Launch+0x7a0
C  [java+0x84ed]  main+0x65
C  [java+0x1a74]  start+0x34


---------------  P R O C E S S  ---------------

VM state:at safepoint (normal execution)

VM Mutex/Monitor currently owned by a thread:  ([mutex/lock_event])
[0x00007fc000519690] Threads_lock - owner thread: 0x00007fc00082c800
[0x00007fc000519b90] Heap_lock - owner thread: 0x00007fc00228d000

Heap:
 PSYoungGen      total 18944K, used 8441K [0x00000007aab00000, 0x00000007ac000000, 0x00000007c0000000)
  eden space 16384K, 35% used [0x00000007aab00000,0x00000007ab0be430,0x00000007abb00000)
  from space 2560K, 100% used [0x00000007abd80000,0x00000007ac000000,0x00000007ac000000)
  to   space 2560K, 0% used [0x00000007abb00000,0x00000007abb00000,0x00000007abd80000)
 ParOldGen       total 44032K, used 3698K [0x0000000780000000, 0x0000000782b00000, 0x00000007aab00000)
  object space 44032K, 8% used [0x0000000780000000,0x000000078039cb80,0x0000000782b00000)
 Metaspace       used 15444K, capacity 16310K, committed 16512K, reserved 1062912K
  class space    used 2245K, capacity 2431K, committed 2432K, reserved 1048576K

Card table byte_map: [0x0000000119b29000,0x0000000119d2a000] byte_map_base: 0x0000000115f29000

Marking Bits: (ParMarkBitMap*) 0x000000010a0c27a0
 Begin Bits: [0x0000000119e80000, 0x000000011ae80000)
 End Bits:   [0x000000011ae80000, 0x000000011be80000)

Polling page: 0x0000000108fcf000

CodeCache: size=245760Kb used=5946Kb max_used=5946Kb free=239813Kb
 bounds [0x000000010a769000, 0x000000010ad49000, 0x0000000119769000]
 total_blobs=2581 nmethods=1962 adapters=532
 compilation: enabled

Compilation events (10 events):
Event: 63.090 Thread 0x00007fc000841800 1983       3       java.lang.invoke.Invokers::checkGenericType (16 bytes)
Event: 63.090 Thread 0x00007fc000841800 nmethod 1983 0x000000010ad34750 code [0x000000010ad348e0, 0x000000010ad34ee8]
Event: 63.090 Thread 0x00007fc000841800 1984       3       java.lang.invoke.MethodHandles$Lookup::getDirectMethodForConstant (70 bytes)
Event: 63.091 Thread 0x00007fc000841800 nmethod 1984 0x000000010ad379d0 code [0x000000010ad37c60, 0x000000010ad38b68]
Event: 63.091 Thread 0x00007fc000841800 1985       3       java.lang.invoke.MethodHandleNatives::linkCallSite (65 bytes)
Event: 63.092 Thread 0x00007fc000841800 nmethod 1985 0x000000010ad39250 code [0x000000010ad39400, 0x000000010ad399e8]
Event: 63.092 Thread 0x00007fc000841800 1986       3       java.lang.invoke.MethodHandleNatives::linkCallSiteImpl (44 bytes)
Event: 63.092 Thread 0x00007fc000841800 nmethod 1986 0x000000010ad39c10 code [0x000000010ad39de0, 0x000000010ad3a538]
Event: 63.105 Thread 0x00007fc000841800 1987       3       com.sun.javafx.tk.Toolkit::isFxUserThread (15 bytes)
Event: 63.105 Thread 0x00007fc000841800 nmethod 1987 0x000000010ad3a950 code [0x000000010ad3aac0, 0x000000010ad3ac90]

GC Heap History (4 events):
Event: 0.998 GC heap before
{Heap before GC invocations=1 (full 0):
 PSYoungGen      total 18944K, used 16384K [0x00000007aab00000, 0x00000007ac000000, 0x00000007c0000000)
  eden space 16384K, 100% used [0x00000007aab00000,0x00000007abb00000,0x00000007abb00000)
  from space 2560K, 0% used [0x00000007abd80000,0x00000007abd80000,0x00000007ac000000)
  to   space 2560K, 0% used [0x00000007abb00000,0x00000007abb00000,0x00000007abd80000)
 ParOldGen       total 44032K, used 0K [0x0000000780000000, 0x0000000782b00000, 0x00000007aab00000)
  object space 44032K, 0% used [0x0000000780000000,0x0000000780000000,0x0000000782b00000)
 Metaspace       used 8845K, capacity 9222K, committed 9344K, reserved 1056768K
  class space    used 1191K, capacity 1295K, committed 1408K, reserved 1048576K
Event: 1.005 GC heap after
Heap after GC invocations=1 (full 0):
 PSYoungGen      total 18944K, used 2544K [0x00000007aab00000, 0x00000007ac000000, 0x00000007c0000000)
  eden space 16384K, 0% used [0x00000007aab00000,0x00000007aab00000,0x00000007abb00000)
  from space 2560K, 99% used [0x00000007abb00000,0x00000007abd7c030,0x00000007abd80000)
  to   space 2560K, 0% used [0x00000007abd80000,0x00000007abd80000,0x00000007ac000000)
 ParOldGen       total 44032K, used 72K [0x0000000780000000, 0x0000000782b00000, 0x00000007aab00000)
  object space 44032K, 0% used [0x0000000780000000,0x0000000780012000,0x0000000782b00000)
 Metaspace       used 8845K, capacity 9222K, committed 9344K, reserved 1056768K
  class space    used 1191K, capacity 1295K, committed 1408K, reserved 1048576K
}
Event: 1.973 GC heap before
{Heap before GC invocations=2 (full 0):
 PSYoungGen      total 18944K, used 18928K [0x00000007aab00000, 0x00000007ac000000, 0x00000007c0000000)
  eden space 16384K, 100% used [0x00000007aab00000,0x00000007abb00000,0x00000007abb00000)
  from space 2560K, 99% used [0x00000007abb00000,0x00000007abd7c030,0x00000007abd80000)
  to   space 2560K, 0% used [0x00000007abd80000,0x00000007abd80000,0x00000007ac000000)
 ParOldGen       total 44032K, used 72K [0x0000000780000000, 0x0000000782b00000, 0x00000007aab00000)
  object space 44032K, 0% used [0x0000000780000000,0x0000000780012000,0x0000000782b00000)
 Metaspace       used 14399K, capacity 15242K, committed 15488K, reserved 1062912K
  class space    used 2169K, capacity 2364K, committed 2432K, reserved 1048576K
Event: 1.983 GC heap after
Heap after GC invocations=2 (full 0):
 PSYoungGen      total 18944K, used 2560K [0x00000007aab00000, 0x00000007ac000000, 0x00000007c0000000)
  eden space 16384K, 0% used [0x00000007aab00000,0x00000007aab00000,0x00000007abb00000)
  from space 2560K, 100% used [0x00000007abd80000,0x00000007ac000000,0x00000007ac000000)
  to   space 2560K, 0% used [0x00000007abb00000,0x00000007abb00000,0x00000007abd80000)
 ParOldGen       total 44032K, used 3698K [0x0000000780000000, 0x0000000782b00000, 0x00000007aab00000)
  object space 44032K, 8% used [0x0000000780000000,0x000000078039cb80,0x0000000782b00000)
 Metaspace       used 14399K, capacity 15242K, committed 15488K, reserved 1062912K
  class space    used 2169K, capacity 2364K, committed 2432K, reserved 1048576K
}

Deoptimization events (10 events):
Event: 1.236 Thread 0x00007fc000894000 Uncommon trap: reason=class_check action=maybe_recompile pc=0x000000010a89875c method=java.lang.String.equals(Ljava/lang/Object;)Z @ 8
Event: 1.236 Thread 0x00007fc000894000 Uncommon trap: reason=class_check action=maybe_recompile pc=0x000000010a89875c method=java.lang.String.equals(Ljava/lang/Object;)Z @ 8
Event: 1.236 Thread 0x00007fc000894000 Uncommon trap: reason=class_check action=maybe_recompile pc=0x000000010a89875c method=java.lang.String.equals(Ljava/lang/Object;)Z @ 8
Event: 1.241 Thread 0x00007fc000894000 Uncommon trap: reason=class_check action=maybe_recompile pc=0x000000010a89875c method=java.lang.String.equals(Ljava/lang/Object;)Z @ 8
Event: 1.242 Thread 0x00007fc000894000 Uncommon trap: reason=unstable_if action=reinterpret pc=0x000000010aa0edf0 method=java.lang.String.replace(CC)Ljava/lang/String; @ 26
Event: 1.589 Thread 0x00007fc000894000 Uncommon trap: reason=unstable_if action=reinterpret pc=0x000000010a99e220 method=java.lang.CharacterData.of(I)Ljava/lang/CharacterData; @ 4
Event: 1.856 Thread 0x00007fc0011f9800 Uncommon trap: reason=predicate action=maybe_recompile pc=0x000000010aa2d610 method=sun.net.www.ParseUtil.encodePath(Ljava/lang/String;Z)Ljava/lang/String; @ 36
Event: 1.972 Thread 0x00007fc000894000 Uncommon trap: reason=unstable_if action=reinterpret pc=0x000000010aa79a8c method=jdk.internal.org.objectweb.asm.Type.getArgumentsAndReturnSizes(Ljava/lang/String;)I @ 47
Event: 1.989 Thread 0x00007fc001124000 Uncommon trap: reason=unstable_if action=reinterpret pc=0x000000010ab35c94 method=sun.net.www.ParseUtil.encodePath(Ljava/lang/String;Z)Ljava/lang/String; @ 109
Event: 63.108 Thread 0x00007fc000894000 Uncommon trap: reason=unstable_if action=reinterpret pc=0x000000010ad0bce4 method=java.util.concurrent.locks.ReentrantLock$Sync.tryRelease(I)Z @ 28

Internal exceptions (10 events):
Event: 0.281 Thread 0x00007fc001010800 Exception <a 'java/lang/NoSuchFieldError': method resolution failed> (0x00000007aae692f0) thrown at [/Users/java_re/workspace/8-2-build-macosx-x86_64/jdk8u45/3457/hotspot/src/share/vm/prims/methodHandles.cpp, line 1125]
Event: 0.284 Thread 0x00007fc001010800 Exception <a 'java/lang/NoSuchFieldError': method resolution failed> (0x00000007aae779c0) thrown at [/Users/java_re/workspace/8-2-build-macosx-x86_64/jdk8u45/3457/hotspot/src/share/vm/prims/methodHandles.cpp, line 1125]
Event: 0.317 Thread 0x00007fc0020a2000 Exception <a 'java/security/PrivilegedActionException'> (0x00000007aaf5db70) thrown at [/Users/java_re/workspace/8-2-build-macosx-x86_64/jdk8u45/3457/hotspot/src/share/vm/prims/jvm.cpp, line 1382]
Event: 0.317 Thread 0x00007fc0020a2000 Exception <a 'java/security/PrivilegedActionException'> (0x00000007aaf5dd28) thrown at [/Users/java_re/workspace/8-2-build-macosx-x86_64/jdk8u45/3457/hotspot/src/share/vm/prims/jvm.cpp, line 1382]
Event: 0.317 Thread 0x00007fc0020a2000 Exception <a 'java/security/PrivilegedActionException'> (0x00000007aaf60f18) thrown at [/Users/java_re/workspace/8-2-build-macosx-x86_64/jdk8u45/3457/hotspot/src/share/vm/prims/jvm.cpp, line 1382]
Event: 0.317 Thread 0x00007fc0020a2000 Exception <a 'java/security/PrivilegedActionException'> (0x00000007aaf610d0) thrown at [/Users/java_re/workspace/8-2-build-macosx-x86_64/jdk8u45/3457/hotspot/src/share/vm/prims/jvm.cpp, line 1382]
Event: 0.317 Thread 0x00007fc0020a2000 Exception <a 'java/lang/NullPointerException'> (0x00000007aaf61868) thrown at [/Users/java_re/workspace/8-2-build-macosx-x86_64/jdk8u45/3457/hotspot/src/share/vm/interpreter/linkResolver.cpp, line 1178]
Event: 0.828 Thread 0x00007fc000894000 Exception <a 'java/lang/NullPointerException'> (0x00000007ab698050) thrown at [/Users/java_re/workspace/8-2-build-macosx-x86_64/jdk8u45/3457/hotspot/src/share/vm/interpreter/linkResolver.cpp, line 1178]
Event: 0.828 Thread 0x00007fc000894000 Exception <a 'java/lang/NullPointerException'> (0x00000007ab698050) thrown at [/Users/java_re/workspace/8-2-build-macosx-x86_64/jdk8u45/3457/hotspot/src/share/vm/prims/jvm.cpp, line 1386]
Event: 1.047 Thread 0x00007fc000894000 Implicit null exception at 0x000000010a9c0cb5 to 0x000000010a9c0fe5

Events (10 events):
Event: 63.109 Thread 0x00007fc001010800 Thread exited: 0x00007fc001010800
Event: 63.109 Thread 0x00007fc00228d000 Thread added: 0x00007fc00228d000
Event: 63.174 Thread 0x00007fc0011f9800 Thread exited: 0x00007fc0011f9800
Event: 63.174 loading class java/util/IdentityHashMap$KeySet
Event: 63.175 loading class java/util/IdentityHashMap$KeySet done
Event: 63.175 loading class java/util/IdentityHashMap$KeyIterator
Event: 63.175 loading class java/util/IdentityHashMap$IdentityHashMapIterator
Event: 63.175 loading class java/util/IdentityHashMap$IdentityHashMapIterator done
Event: 63.175 loading class java/util/IdentityHashMap$KeyIterator done
Event: 63.175 Thread 0x00007fc00228d000 Thread exited: 0x00007fc00228d000


Dynamic libraries:
0x000000000a4ed000 	/System/Library/Frameworks/Cocoa.framework/Versions/A/Cocoa
0x000000000a4ed000 	/System/Library/Frameworks/Security.framework/Versions/A/Security
0x000000000a4ed000 	/System/Library/Frameworks/ApplicationServices.framework/Versions/A/ApplicationServices
0x000000000a4ed000 	/usr/lib/libz.1.dylib
0x000000000a4ed000 	/usr/lib/libSystem.B.dylib
0x000000000a4ed000 	/usr/lib/libobjc.A.dylib
0x000000000a4ed000 	/System/Library/Frameworks/CoreFoundation.framework/Versions/A/CoreFoundation
0x000000000a4ed000 	/System/Library/Frameworks/Foundation.framework/Versions/C/Foundation
0x000000000a4ed000 	/System/Library/Frameworks/AppKit.framework/Versions/C/AppKit
0x000000000a4ed000 	/System/Library/Frameworks/CoreData.framework/Versions/A/CoreData
0x000000000a4ed000 	/System/Library/PrivateFrameworks/RemoteViewServices.framework/Versions/A/RemoteViewServices
0x000000000a4ed000 	/System/Library/PrivateFrameworks/UIFoundation.framework/Versions/A/UIFoundation
0x000000000a4ed000 	/usr/lib/libScreenReader.dylib
0x000000000a4ed000 	/System/Library/Frameworks/Accelerate.framework/Versions/A/Accelerate
0x000000000a4ed000 	/System/Library/Frameworks/IOSurface.framework/Versions/A/IOSurface
0x000000000a4ed000 	/System/Library/Frameworks/AudioToolbox.framework/Versions/A/AudioToolbox
0x000000000a4ed000 	/System/Library/Frameworks/AudioUnit.framework/Versions/A/AudioUnit
0x000000000a4ed000 	/System/Library/PrivateFrameworks/DataDetectorsCore.framework/Versions/A/DataDetectorsCore
0x000000000a4ed000 	/System/Library/PrivateFrameworks/DesktopServicesPriv.framework/Versions/A/DesktopServicesPriv
0x000000000a4ed000 	/System/Library/Frameworks/Carbon.framework/Versions/A/Frameworks/HIToolbox.framework/Versions/A/HIToolbox
0x000000000a4ed000 	/System/Library/Frameworks/QuartzCore.framework/Versions/A/QuartzCore
0x000000000a4ed000 	/System/Library/Frameworks/Carbon.framework/Versions/A/Frameworks/SpeechRecognition.framework/Versions/A/SpeechRecognition
0x000000000a4ed000 	/usr/lib/libauto.dylib
0x000000000a4ed000 	/usr/lib/libicucore.A.dylib
0x000000000a4ed000 	/usr/lib/libxml2.2.dylib
0x000000000a4ed000 	/System/Library/PrivateFrameworks/CoreUI.framework/Versions/A/CoreUI
0x000000000a4ed000 	/System/Library/Frameworks/CoreAudio.framework/Versions/A/CoreAudio
0x000000000a4ed000 	/System/Library/Frameworks/DiskArbitration.framework/Versions/A/DiskArbitration
0x000000000a4ed000 	/usr/lib/liblangid.dylib
0x000000000a4ed000 	/System/Library/PrivateFrameworks/MultitouchSupport.framework/Versions/A/MultitouchSupport
0x000000000a4ed000 	/System/Library/Frameworks/IOKit.framework/Versions/A/IOKit
0x000000000a4ed000 	/usr/lib/libDiagnosticMessagesClient.dylib
0x000000000a4ed000 	/System/Library/Frameworks/CoreServices.framework/Versions/A/CoreServices
0x000000000a4ed000 	/System/Library/PrivateFrameworks/PerformanceAnalysis.framework/Versions/A/PerformanceAnalysis
0x000000000a4ed000 	/System/Library/PrivateFrameworks/GenerationalStorage.framework/Versions/A/GenerationalStorage
0x000000000a4ed000 	/System/Library/Frameworks/OpenGL.framework/Versions/A/OpenGL
0x000000000a4ed000 	/System/Library/PrivateFrameworks/Sharing.framework/Versions/A/Sharing
0x000000000a4ed000 	/System/Library/Frameworks/CoreGraphics.framework/Versions/A/CoreGraphics
0x000000000a4ed000 	/System/Library/Frameworks/CoreImage.framework/Versions/A/CoreImage
0x000000000a4ed000 	/System/Library/Frameworks/CoreText.framework/Versions/A/CoreText
0x000000000a4ed000 	/System/Library/Frameworks/ImageIO.framework/Versions/A/ImageIO
0x000000000a4ed000 	/System/Library/PrivateFrameworks/Backup.framework/Versions/A/Backup
0x000000000a4ed000 	/usr/lib/libextension.dylib
0x000000000a4ed000 	/usr/lib/libarchive.2.dylib
0x000000000a4ed000 	/System/Library/Frameworks/CFNetwork.framework/Versions/A/CFNetwork
0x000000000a4ed000 	/System/Library/Frameworks/SystemConfiguration.framework/Versions/A/SystemConfiguration
0x000000000a4ed000 	/usr/lib/libCRFSuite.dylib
0x000000000a4ed000 	/usr/lib/libc++.1.dylib
0x000000000a4ed000 	/usr/lib/libc++abi.dylib
0x000000000a4ed000 	/usr/lib/system/libcache.dylib
0x000000000a4ed000 	/usr/lib/system/libcommonCrypto.dylib
0x000000000a4ed000 	/usr/lib/system/libcompiler_rt.dylib
0x000000000a4ed000 	/usr/lib/system/libcopyfile.dylib
0x000000000a4ed000 	/usr/lib/system/libcorecrypto.dylib
0x000000000a4ed000 	/usr/lib/system/libdispatch.dylib
0x000000000a4ed000 	/usr/lib/system/libdyld.dylib
0x000000000a4ed000 	/usr/lib/system/libkeymgr.dylib
0x000000000a4ed000 	/usr/lib/system/liblaunch.dylib
0x000000000a4ed000 	/usr/lib/system/libmacho.dylib
0x000000000a4ed000 	/usr/lib/system/libquarantine.dylib
0x000000000a4ed000 	/usr/lib/system/libremovefile.dylib
0x000000000a4ed000 	/usr/lib/system/libsystem_asl.dylib
0x000000000a4ed000 	/usr/lib/system/libsystem_blocks.dylib
0x000000000a4ed000 	/usr/lib/system/libsystem_c.dylib
0x000000000a4ed000 	/usr/lib/system/libsystem_configuration.dylib
0x000000000a4ed000 	/usr/lib/system/libsystem_coreservices.dylib
0x000000000a4ed000 	/usr/lib/system/libsystem_coretls.dylib
0x000000000a4ed000 	/usr/lib/system/libsystem_dnssd.dylib
0x000000000a4ed000 	/usr/lib/system/libsystem_info.dylib
0x000000000a4ed000 	/usr/lib/system/libsystem_kernel.dylib
0x000000000a4ed000 	/usr/lib/system/libsystem_m.dylib
0x000000000a4ed000 	/usr/lib/system/libsystem_malloc.dylib
0x000000000a4ed000 	/usr/lib/system/libsystem_network.dylib
0x000000000a4ed000 	/usr/lib/system/libsystem_networkextension.dylib
0x000000000a4ed000 	/usr/lib/system/libsystem_notify.dylib
0x000000000a4ed000 	/usr/lib/system/libsystem_platform.dylib
0x000000000a4ed000 	/usr/lib/system/libsystem_pthread.dylib
0x000000000a4ed000 	/usr/lib/system/libsystem_sandbox.dylib
0x000000000a4ed000 	/usr/lib/system/libsystem_secinit.dylib
0x000000000a4ed000 	/usr/lib/system/libsystem_trace.dylib
0x000000000a4ed000 	/usr/lib/system/libunc.dylib
0x000000000a4ed000 	/usr/lib/system/libunwind.dylib
0x000000000a4ed000 	/usr/lib/system/libxpc.dylib
0x000000000a4ed000 	/usr/lib/libenergytrace.dylib
0x000000000a4ed000 	/usr/lib/libbsm.0.dylib
0x000000000a4ed000 	/usr/lib/system/libkxld.dylib
0x000000000a4ed000 	/usr/lib/libxar.1.dylib
0x000000000a4ed000 	/usr/lib/libsqlite3.dylib
0x000000000a4ed000 	/usr/lib/libpam.2.dylib
0x000000000a4ed000 	/usr/lib/libOpenScriptingUtil.dylib
0x000000000a4ed000 	/usr/lib/libbz2.1.0.dylib
0x000000000a4ed000 	/usr/lib/liblzma.5.dylib
0x000000000a4ed000 	/System/Library/Frameworks/CoreServices.framework/Versions/A/Frameworks/FSEvents.framework/Versions/A/FSEvents
0x000000000a4ed000 	/System/Library/Frameworks/CoreServices.framework/Versions/A/Frameworks/CarbonCore.framework/Versions/A/CarbonCore
0x000000000a4ed000 	/System/Library/Frameworks/CoreServices.framework/Versions/A/Frameworks/Metadata.framework/Versions/A/Metadata
0x000000000a4ed000 	/System/Library/Frameworks/CoreServices.framework/Versions/A/Frameworks/OSServices.framework/Versions/A/OSServices
0x000000000a4ed000 	/System/Library/Frameworks/CoreServices.framework/Versions/A/Frameworks/SearchKit.framework/Versions/A/SearchKit
0x000000000a4ed000 	/System/Library/Frameworks/CoreServices.framework/Versions/A/Frameworks/AE.framework/Versions/A/AE
0x000000000a4ed000 	/System/Library/Frameworks/CoreServices.framework/Versions/A/Frameworks/LaunchServices.framework/Versions/A/LaunchServices
0x000000000a4ed000 	/System/Library/Frameworks/CoreServices.framework/Versions/A/Frameworks/DictionaryServices.framework/Versions/A/DictionaryServices
0x000000000a4ed000 	/System/Library/Frameworks/CoreServices.framework/Versions/A/Frameworks/SharedFileList.framework/Versions/A/SharedFileList
0x000000000a4ed000 	/System/Library/Frameworks/NetFS.framework/Versions/A/NetFS
0x000000000a4ed000 	/System/Library/PrivateFrameworks/NetAuth.framework/Versions/A/NetAuth
0x000000000a4ed000 	/System/Library/PrivateFrameworks/login.framework/Versions/A/Frameworks/loginsupport.framework/Versions/A/loginsupport
0x000000000a4ed000 	/System/Library/PrivateFrameworks/TCC.framework/Versions/A/TCC
0x000000000a4ed000 	/usr/lib/libmecabra.dylib
0x000000000a4ed000 	/System/Library/Frameworks/ApplicationServices.framework/Versions/A/Frameworks/ATS.framework/Versions/A/ATS
0x000000000a4ed000 	/System/Library/Frameworks/ApplicationServices.framework/Versions/A/Frameworks/ColorSync.framework/Versions/A/ColorSync
0x000000000a4ed000 	/System/Library/Frameworks/ApplicationServices.framework/Versions/A/Frameworks/HIServices.framework/Versions/A/HIServices
0x000000000a4ed000 	/System/Library/Frameworks/ApplicationServices.framework/Versions/A/Frameworks/LangAnalysis.framework/Versions/A/LangAnalysis
0x000000000a4ed000 	/System/Library/Frameworks/ApplicationServices.framework/Versions/A/Frameworks/PrintCore.framework/Versions/A/PrintCore
0x000000000a4ed000 	/System/Library/Frameworks/ApplicationServices.framework/Versions/A/Frameworks/QD.framework/Versions/A/QD
0x000000000a4ed000 	/System/Library/Frameworks/ApplicationServices.framework/Versions/A/Frameworks/SpeechSynthesis.framework/Versions/A/SpeechSynthesis
0x000000000a4ed000 	/System/Library/Frameworks/Metal.framework/Versions/A/Metal
0x000000000a4ed000 	/System/Library/Frameworks/Accelerate.framework/Versions/A/Frameworks/vImage.framework/Versions/A/vImage
0x000000000a4ed000 	/System/Library/Frameworks/Accelerate.framework/Versions/A/Frameworks/vecLib.framework/Versions/A/vecLib
0x000000000a4ed000 	/System/Library/Frameworks/Accelerate.framework/Versions/A/Frameworks/vecLib.framework/Versions/A/libvDSP.dylib
0x000000000a4ed000 	/System/Library/Frameworks/Accelerate.framework/Versions/A/Frameworks/vecLib.framework/Versions/A/libvMisc.dylib
0x000000000a4ed000 	/System/Library/Frameworks/Accelerate.framework/Versions/A/Frameworks/vecLib.framework/Versions/A/libLAPACK.dylib
0x000000000a4ed000 	/System/Library/Frameworks/Accelerate.framework/Versions/A/Frameworks/vecLib.framework/Versions/A/libBLAS.dylib
0x000000000a4ed000 	/System/Library/Frameworks/Accelerate.framework/Versions/A/Frameworks/vecLib.framework/Versions/A/libLinearAlgebra.dylib
0x000000000a4ed000 	/System/Library/Frameworks/Accelerate.framework/Versions/A/Frameworks/vecLib.framework/Versions/A/libSparseBLAS.dylib
0x000000000a4ed000 	/System/Library/PrivateFrameworks/GPUCompiler.framework/libmetal_timestamp.dylib
0x000000000a4ed000 	/System/Library/Frameworks/OpenGL.framework/Versions/A/Libraries/libCoreFSCache.dylib
0x000000000a4ed000 	/System/Library/PrivateFrameworks/IOAccelerator.framework/Versions/A/IOAccelerator
0x000000000a4ed000 	/System/Library/Frameworks/ApplicationServices.framework/Versions/A/Frameworks/ATS.framework/Versions/A/Resources/libFontParser.dylib
0x000000000a4ed000 	/System/Library/Frameworks/ApplicationServices.framework/Versions/A/Frameworks/ATS.framework/Versions/A/Resources/libFontRegistry.dylib
0x000000000a4ed000 	/System/Library/PrivateFrameworks/AppleVPA.framework/Versions/A/AppleVPA
0x000000000a4ed000 	/System/Library/PrivateFrameworks/AppleJPEG.framework/Versions/A/AppleJPEG
0x000000000a4ed000 	/System/Library/Frameworks/ImageIO.framework/Versions/A/Resources/libJPEG.dylib
0x000000000a4ed000 	/System/Library/Frameworks/ImageIO.framework/Versions/A/Resources/libTIFF.dylib
0x000000000a4ed000 	/System/Library/Frameworks/ImageIO.framework/Versions/A/Resources/libPng.dylib
0x000000000a4ed000 	/System/Library/Frameworks/ImageIO.framework/Versions/A/Resources/libGIF.dylib
0x000000000a4ed000 	/System/Library/Frameworks/ImageIO.framework/Versions/A/Resources/libJP2.dylib
0x000000000a4ed000 	/System/Library/Frameworks/ImageIO.framework/Versions/A/Resources/libRadiance.dylib
0x000000000a4ed000 	/System/Library/Frameworks/CoreVideo.framework/Versions/A/CoreVideo
0x000000000a4ed000 	/System/Library/Frameworks/OpenGL.framework/Versions/A/Libraries/libGLU.dylib
0x000000000a4ed000 	/System/Library/Frameworks/OpenGL.framework/Versions/A/Libraries/libGFXShared.dylib
0x000000000a4ed000 	/System/Library/Frameworks/OpenGL.framework/Versions/A/Libraries/libGL.dylib
0x000000000a4ed000 	/System/Library/Frameworks/OpenGL.framework/Versions/A/Libraries/libGLImage.dylib
0x000000000a4ed000 	/System/Library/Frameworks/OpenGL.framework/Versions/A/Libraries/libCVMSPluginSupport.dylib
0x000000000a4ed000 	/System/Library/Frameworks/OpenGL.framework/Versions/A/Libraries/libCoreVMClient.dylib
0x000000000a4ed000 	/usr/lib/libcups.2.dylib
0x000000000a4ed000 	/System/Library/Frameworks/Kerberos.framework/Versions/A/Kerberos
0x000000000a4ed000 	/System/Library/Frameworks/GSS.framework/Versions/A/GSS
0x000000000a4ed000 	/usr/lib/libresolv.9.dylib
0x000000000a4ed000 	/usr/lib/libiconv.2.dylib
0x000000000a4ed000 	/System/Library/PrivateFrameworks/Heimdal.framework/Versions/A/Heimdal
0x000000000a4ed000 	/usr/lib/libheimdal-asn1.dylib
0x000000000a4ed000 	/System/Library/Frameworks/OpenDirectory.framework/Versions/A/OpenDirectory
0x000000000a4ed000 	/System/Library/PrivateFrameworks/CommonAuth.framework/Versions/A/CommonAuth
0x000000000a4ed000 	/System/Library/Frameworks/OpenDirectory.framework/Versions/A/Frameworks/CFOpenDirectory.framework/Versions/A/CFOpenDirectory
0x000000000a4ed000 	/System/Library/Frameworks/SecurityFoundation.framework/Versions/A/SecurityFoundation
0x000000000a4ed000 	/System/Library/PrivateFrameworks/LanguageModeling.framework/Versions/A/LanguageModeling
0x000000000a4ed000 	/usr/lib/libmarisa.dylib
0x000000000a4ed000 	/usr/lib/libChineseTokenizer.dylib
0x000000000a4ed000 	/usr/lib/libcmph.dylib
0x000000000a4ed000 	/usr/lib/libcompression.dylib
0x000000000a4ed000 	/System/Library/Frameworks/ServiceManagement.framework/Versions/A/ServiceManagement
0x000000000a4ed000 	/usr/lib/libxslt.1.dylib
0x000000000a4ed000 	/System/Library/Frameworks/Carbon.framework/Versions/A/Frameworks/Ink.framework/Versions/A/Ink
0x000000000a4ed000 	/usr/lib/libFosl_dynamic.dylib
0x000000000a4ed000 	/System/Library/PrivateFrameworks/FaceCore.framework/Versions/A/FaceCore
0x000000000a4ed000 	/System/Library/Frameworks/OpenCL.framework/Versions/A/OpenCL
0x000000000a4ed000 	/System/Library/PrivateFrameworks/CrashReporterSupport.framework/Versions/A/CrashReporterSupport
0x000000000a4ed000 	/System/Library/PrivateFrameworks/IconServices.framework/Versions/A/IconServices
0x000000000a4ed000 	/System/Library/PrivateFrameworks/Apple80211.framework/Versions/A/Apple80211
0x000000000a4ed000 	/System/Library/Frameworks/CoreWLAN.framework/Versions/A/CoreWLAN
0x000000000a4ed000 	/System/Library/Frameworks/IOBluetooth.framework/Versions/A/IOBluetooth
0x000000000a4ed000 	/System/Library/PrivateFrameworks/CoreWiFi.framework/Versions/A/CoreWiFi
0x000000000a4ed000 	/System/Library/Frameworks/CoreBluetooth.framework/Versions/A/CoreBluetooth
0x000000000a4ed000 	/System/Library/PrivateFrameworks/ChunkingLibrary.framework/Versions/A/ChunkingLibrary
0x000000000a4ed000 	/System/Library/PrivateFrameworks/DebugSymbols.framework/Versions/A/DebugSymbols
0x000000000a4ed000 	/System/Library/PrivateFrameworks/CoreSymbolication.framework/Versions/A/CoreSymbolication
0x000000000a4ed000 	/System/Library/PrivateFrameworks/Symbolication.framework/Versions/A/Symbolication
0x000000000a4ed000 	/System/Library/PrivateFrameworks/SpeechRecognitionCore.framework/Versions/A/SpeechRecognitionCore
0x0000000109800000 	/Library/Java/JavaVirtualMachines/jdk1.8.0_45.jdk/Contents/Home/jre/lib/server/libjvm.dylib
0x000000000a4ed000 	/usr/lib/libstdc++.6.dylib
0x0000000108f8c000 	/Library/Java/JavaVirtualMachines/jdk1.8.0_45.jdk/Contents/Home/jre/lib/libverify.dylib
0x0000000108f9a000 	/Library/Java/JavaVirtualMachines/jdk1.8.0_45.jdk/Contents/Home/jre/lib/libjava.dylib
0x0000000108fd9000 	/Library/Java/JavaVirtualMachines/jdk1.8.0_45.jdk/Contents/Home/jre/lib/libzip.dylib
0x000000011db4e000 	/System/Library/Frameworks/JavaVM.framework/Frameworks/JavaRuntimeSupport.framework/JavaRuntimeSupport
0x000000011db69000 	/System/Library/Frameworks/JavaVM.framework/Versions/A/Frameworks/JavaNativeFoundation.framework/Versions/A/JavaNativeFoundation
0x000000011db7e000 	/System/Library/Frameworks/JavaVM.framework/Versions/A/JavaVM
0x000000000a4ed000 	/System/Library/Frameworks/Carbon.framework/Versions/A/Carbon
0x000000011db8b000 	/System/Library/PrivateFrameworks/JavaLaunching.framework/Versions/A/JavaLaunching
0x000000000a4ed000 	/System/Library/Frameworks/Carbon.framework/Versions/A/Frameworks/CommonPanels.framework/Versions/A/CommonPanels
0x000000000a4ed000 	/System/Library/Frameworks/Carbon.framework/Versions/A/Frameworks/Help.framework/Versions/A/Help
0x000000000a4ed000 	/System/Library/Frameworks/Carbon.framework/Versions/A/Frameworks/ImageCapture.framework/Versions/A/ImageCapture
0x000000000a4ed000 	/System/Library/Frameworks/Carbon.framework/Versions/A/Frameworks/OpenScripting.framework/Versions/A/OpenScripting
0x000000000a4ed000 	/System/Library/Frameworks/Carbon.framework/Versions/A/Frameworks/Print.framework/Versions/A/Print
0x000000000a4ed000 	/System/Library/Frameworks/Carbon.framework/Versions/A/Frameworks/SecurityHI.framework/Versions/A/SecurityHI
0x000000011f5c0000 	/Applications/IntelliJ IDEA 15 CE.app/Contents/bin/libbreakgen64.jnilib
0x000000011f659000 	/Library/Java/JavaVirtualMachines/jdk1.8.0_45.jdk/Contents/Home/jre/lib/libnet.dylib
0x000000011f6b8000 	/Library/Java/JavaVirtualMachines/jdk1.8.0_45.jdk/Contents/Home/jre/lib/libprism_es2.dylib
0x000000000a4ed000 	/System/Library/Frameworks/OpenGL.framework/Versions/A/Resources/GLEngine.bundle/GLEngine
0x000000000a4ed000 	/System/Library/Frameworks/OpenGL.framework/Versions/A/Libraries/libGLProgrammability.dylib
0x000000011f73a000 	/System/Library/Extensions/AppleIntelHD5000GraphicsGLDriver.bundle/Contents/MacOS/AppleIntelHD5000GraphicsGLDriver
0x000000000a4ed000 	/System/Library/PrivateFrameworks/GPUSupport.framework/Versions/A/Libraries/libGPUSupportMercury.dylib
0x000000000a4ed000 	/System/Library/Frameworks/OpenGL.framework/Versions/A/Resources/GLRendererFloat.bundle/GLRendererFloat
0x000000000a4ed000 	/System/Library/Frameworks/OpenCL.framework/Versions/A/Libraries/libcldcpuengine.dylib
0x000000000a4ed000 	/System/Library/PrivateFrameworks/DiskImages.framework/Versions/A/DiskImages
0x000000000a4ed000 	/System/Library/Frameworks/DiscRecording.framework/Versions/A/DiscRecording
0x000000000a4ed000 	/usr/lib/libcsfde.dylib
0x000000000a4ed000 	/usr/lib/libcurl.4.dylib
0x000000000a4ed000 	/System/Library/PrivateFrameworks/MediaKit.framework/Versions/A/MediaKit
0x000000000a4ed000 	/System/Library/PrivateFrameworks/ProtectedCloudStorage.framework/Versions/A/ProtectedCloudStorage
0x000000000a4ed000 	/usr/lib/libCoreStorage.dylib
0x000000000a4ed000 	/System/Library/PrivateFrameworks/EFILogin.framework/Versions/A/EFILogin
0x000000000a4ed000 	/usr/lib/libutil.dylib
0x000000000a4ed000 	/System/Library/PrivateFrameworks/FindMyDevice.framework/Versions/A/FindMyDevice
0x000000000a4ed000 	/System/Library/Frameworks/LDAP.framework/Versions/A/LDAP
0x000000000a4ed000 	/usr/lib/libsasl2.2.dylib
0x000000000a4ed000 	/System/Library/PrivateFrameworks/CoreDaemon.framework/Versions/B/CoreDaemon
0x000000000a4ed000 	/usr/lib/libcrypto.0.9.8.dylib
0x000000000a4ed000 	/System/Library/PrivateFrameworks/AppleSRP.framework/Versions/A/AppleSRP
0x000000000a4ed000 	/System/Library/PrivateFrameworks/TrustEvaluationAgent.framework/Versions/A/TrustEvaluationAgent
0x00000001202c9000 	/Library/Java/JavaVirtualMachines/jdk1.8.0_45.jdk/Contents/Home/jre/lib/libglass.dylib
0x000000000a4ed000 	/System/Library/PrivateFrameworks/CoreServicesInternal.framework/Versions/A/CoreServicesInternal
0x000000000a4ed000 	/System/Library/CoreServices/RawCamera.bundle/Contents/MacOS/RawCamera
0x000000000a4ed000 	/System/Library/Frameworks/CoreGraphics.framework/Versions/A/Resources/libRIP.A.dylib
0x000000000a4ed000 	/System/Library/Frameworks/Accelerate.framework/Versions/A/Frameworks/vImage.framework/Versions/A/Libraries/libCGInterfaces.dylib
0x000000000a4ed000 	/System/Library/PrivateFrameworks/FamilyControls.framework/Versions/A/FamilyControls
0x000000000a4ed000 	/System/Library/PrivateFrameworks/CommerceKit.framework/Versions/A/Frameworks/CommerceCore.framework/Versions/A/CommerceCore
0x000000000a4ed000 	/System/Library/PrivateFrameworks/SystemAdministration.framework/Versions/A/SystemAdministration
0x000000000a4ed000 	/System/Library/PrivateFrameworks/AppContainer.framework/Versions/A/AppContainer
0x000000000a4ed000 	/System/Library/PrivateFrameworks/SecCodeWrapper.framework/Versions/A/SecCodeWrapper
0x000000000a4ed000 	/System/Library/Frameworks/DirectoryService.framework/Versions/A/DirectoryService
0x000000000a4ed000 	/System/Library/PrivateFrameworks/LoginUIKit.framework/Versions/A/Frameworks/LoginUICore.framework/Versions/A/LoginUICore
0x000000000a4ed000 	/usr/lib/libodfde.dylib
0x0000000122a11000 	/Library/Java/JavaVirtualMachines/jdk1.8.0_45.jdk/Contents/Home/jre/lib/libjavafx_font.dylib
0x000000000a4ed000 	/System/Library/Frameworks/CoreGraphics.framework/Versions/A/Resources/libCGXType.A.dylib
0x0000000124a2c000 	cl_kernels
0x000000000a4ed000 	/System/Library/Frameworks/OpenCL.framework/Versions/A/Libraries/ImageFormats/unorm8_bgra.dylib
0x000000000a4ed000 	/System/Library/Frameworks/OpenCL.framework/Versions/A/Libraries/ImageFormats/unorm8_rgba.dylib
0x000000012536a000 	/Library/Java/JavaVirtualMachines/jdk1.8.0_45.jdk/Contents/Home/jre/lib/libprism_common.dylib
0x000000012595d000 	/System/Library/Extensions/AppleIntelHD5000GraphicsMTLDriver.bundle/Contents/MacOS/AppleIntelHD5000GraphicsMTLDriver

VM Arguments:
jvm_args: -Didea.launcher.port=7542 -Didea.launcher.bin.path=/Applications/IntelliJ IDEA 15 CE.app/Contents/bin -Dfile.encoding=UTF-8 
java_command: com.intellij.rt.execution.application.AppMain com.company.Main
java_class_path (initial): /Library/Java/JavaVirtualMachines/jdk1.8.0_45.jdk/Contents/Home/jre/lib/charsets.jar:/Library/Java/JavaVirtualMachines/jdk1.8.0_45.jdk/Contents/Home/jre/lib/deploy.jar:/Library/Java/JavaVirtualMachines/jdk1.8.0_45.jdk/Contents/Home/jre/lib/ext/cldrdata.jar:/Library/Java/JavaVirtualMachines/jdk1.8.0_45.jdk/Contents/Home/jre/lib/ext/dnsns.jar:/Library/Java/JavaVirtualMachines/jdk1.8.0_45.jdk/Contents/Home/jre/lib/ext/jfxrt.jar:/Library/Java/JavaVirtualMachines/jdk1.8.0_45.jdk/Contents/Home/jre/lib/ext/localedata.jar:/Library/Java/JavaVirtualMachines/jdk1.8.0_45.jdk/Contents/Home/jre/lib/ext/nashorn.jar:/Library/Java/JavaVirtualMachines/jdk1.8.0_45.jdk/Contents/Home/jre/lib/ext/sunec.jar:/Library/Java/JavaVirtualMachines/jdk1.8.0_45.jdk/Contents/Home/jre/lib/ext/sunjce_provider.jar:/Library/Java/JavaVirtualMachines/jdk1.8.0_45.jdk/Contents/Home/jre/lib/ext/sunpkcs11.jar:/Library/Java/JavaVirtualMachines/jdk1.8.0_45.jdk/Contents/Home/jre/lib/ext/zipfs.jar:/Library/Java/JavaVirtualMachines/jdk1.8.0_45.jdk/Contents/Home/jre/lib/javaws.jar:/Library/Java/JavaVirtualMachines/jdk1.8.0_45.jdk/Contents/Home/jre/lib/jce.jar:/Library/Java/JavaVirtualMachines/jdk1.8.0_45.jdk/Contents/Home/jre/lib/jfr.jar:/Library/Java/JavaVirtualMachines/jdk1.8.0_45.jdk/Contents/Home/jre/lib/jfxswt.jar:/Library/Java/JavaVirtualMachines/jdk1.8.0_45.jdk/Contents/Home/jre/lib/jsse.jar:/Library/Java/JavaVirtualMachines/jdk1.8.0_45.jdk/Contents/Home/jre/lib/management-agent.jar:/Library/Java/JavaVirtualMachines/jdk1.8.0_45.jdk/Contents/Home/jre/lib/plugin.jar:/Library/Java/JavaVirtualMachines/jdk1.8.0_45.jdk/Contents/Home/jre/lib/resources.jar:/Library/Java/JavaVirtualMachines/jdk1.8.0_45.jdk/Contents/Home/jre/lib/rt.jar:/Library/Java/JavaVirtualMachines/jdk1.8.0_45.jdk/Contents/Home/lib/ant-javafx.jar:/Library/Java/JavaVirtualMachines/jdk1.8.0_45.jdk/Contents/Home/lib/dt.jar:/Library/Java/JavaVirtualMachines/jdk1.8.0_45.jdk/Contents/Home/lib/javafx-mx.jar:/Library/Java/Jav
Launcher Type: SUN_STANDARD

Environment Variables:
PATH=/Users/maayanpolitzer/google-cloud-sdk/bin:/usr/local/bin:/usr/bin:/bin:/usr/sbin:/sbin
SHELL=/bin/bash

Signal Handlers:
SIGSEGV: [libjvm.dylib+0x58ef95], sa_mask[0]=11111111011111110111111111111111, sa_flags=SA_ONSTACK|SA_RESTART|SA_SIGINFO
SIGBUS: [libjvm.dylib+0x58ef95], sa_mask[0]=11111111011111110111111111111111, sa_flags=SA_RESTART|SA_SIGINFO
SIGFPE: [libjvm.dylib+0x46c108], sa_mask[0]=11111111011111110111111111111111, sa_flags=SA_RESTART|SA_SIGINFO
SIGPIPE: [libjvm.dylib+0x46c108], sa_mask[0]=11111111011111110111111111111111, sa_flags=SA_RESTART|SA_SIGINFO
SIGXFSZ: [libjvm.dylib+0x46c108], sa_mask[0]=11111111011111110111111111111111, sa_flags=SA_RESTART|SA_SIGINFO
SIGILL: [libjvm.dylib+0x46c108], sa_mask[0]=11111111011111110111111111111111, sa_flags=SA_RESTART|SA_SIGINFO
SIGUSR1: SIG_DFL, sa_mask[0]=00000000000000000000000000000000, sa_flags=none
SIGUSR2: [libjvm.dylib+0x46bc26], sa_mask[0]=00100000000000000000000000000000, sa_flags=SA_RESTART|SA_SIGINFO
SIGHUP: [libjvm.dylib+0x46a1f9], sa_mask[0]=11111111011111110111111111111111, sa_flags=SA_RESTART|SA_SIGINFO
SIGINT: [libjvm.dylib+0x46a1f9], sa_mask[0]=11111111011111110111111111111111, sa_flags=SA_RESTART|SA_SIGINFO
SIGTERM: [libjvm.dylib+0x46a1f9], sa_mask[0]=11111111011111110111111111111111, sa_flags=SA_RESTART|SA_SIGINFO
SIGQUIT: [libjvm.dylib+0x46a1f9], sa_mask[0]=11111111011111110111111111111111, sa_flags=SA_RESTART|SA_SIGINFO


---------------  S Y S T E M  ---------------

OS:Bsduname:Darwin 15.0.0 Darwin Kernel Version 15.0.0: Sat Sep 19 15:53:46 PDT 2015; root:xnu-3247.10.11~1/RELEASE_X86_64 x86_64
rlimit: STACK 8192k, CORE 0k, NPROC 709, NOFILE 10240, AS infinity
load average:3.26 2.75 2.31

CPU:total 4 (2 cores per cpu, 2 threads per core) family 6 model 69 stepping 1, cmov, cx8, fxsr, mmx, sse, sse2, sse3, ssse3, sse4.1, sse4.2, popcnt, avx, avx2, aes, clmul, erms, lzcnt, ht, tsc, tscinvbit, bmi1, bmi2

Memory: 4k page, physical 4194304k(121256k free)

/proc/meminfo:


vm_info: Java HotSpot(TM) 64-Bit Server VM (25.45-b02) for bsd-amd64 JRE (1.8.0_45-b14), built on Apr 10 2015 10:46:38 by "java_re" with gcc 4.2.1 (Based on Apple Inc. build 5658) (LLVM build 2336.11.00)

time: Mon Mar 14 13:43:29 2016
elapsed time: 63 seconds (0d 0h 1m 3s)

